<?xml version="1.0" encoding="UTF-8"?>
<coverage generated="1645958812330" clover="3.2.0">
  <project timestamp="1645958812330" name="All files">
    <metrics statements="25" coveredstatements="24" conditionals="2" coveredconditionals="2" methods="8" coveredmethods="8" elements="35" coveredelements="34" complexity="0" loc="25" ncloc="25" packages="2" files="5" classes="5"/>
    <package name="src">
      <metrics statements="1" coveredstatements="0" conditionals="0" coveredconditionals="0" methods="0" coveredmethods="0"/>
      <file name="index.tsx" path="/Users/linzijun1/Documents/Projects/test/tdd-app/src/index.tsx">
        <metrics statements="1" coveredstatements="0" conditionals="0" coveredconditionals="0" methods="0" coveredmethods="0"/>
        <line num="5" count="0" type="stmt"/>
      </file>
    </package>
    <package name="src.components">
      <metrics statements="24" coveredstatements="24" conditionals="2" coveredconditionals="2" methods="8" coveredmethods="8"/>
      <file name="Message.tsx" path="/Users/linzijun1/Documents/Projects/test/tdd-app/src/components/Message.tsx">
        <metrics statements="4" coveredstatements="4" conditionals="0" coveredconditionals="0" methods="1" coveredmethods="1"/>
        <line num="3" count="3" type="stmt"/>
        <line num="4" count="4" type="stmt"/>
        <line num="5" count="4" type="stmt"/>
        <line num="7" count="4" type="stmt"/>
      </file>
      <file name="MessageApp.tsx" path="/Users/linzijun1/Documents/Projects/test/tdd-app/src/components/MessageApp.tsx">
        <metrics statements="6" coveredstatements="6" conditionals="0" coveredconditionals="0" methods="2" coveredmethods="2"/>
        <line num="6" count="5" type="stmt"/>
        <line num="10" count="5" type="stmt"/>
        <line num="11" count="1" type="stmt"/>
        <line num="16" count="1" type="stmt"/>
        <line num="25" count="6" type="stmt"/>
        <line num="27" count="6" type="stmt"/>
      </file>
      <file name="MessageForm.tsx" path="/Users/linzijun1/Documents/Projects/test/tdd-app/src/components/MessageForm.tsx">
        <metrics statements="10" coveredstatements="10" conditionals="2" coveredconditionals="2" methods="3" coveredmethods="3"/>
        <line num="3" count="2" type="stmt"/>
        <line num="4" count="12" type="stmt"/>
        <line num="5" count="12" type="stmt"/>
        <line num="7" count="12" type="stmt"/>
        <line num="8" count="3" type="stmt"/>
        <line num="10" count="3" type="cond" truecount="2" falsecount="0"/>
        <line num="11" count="2" type="stmt"/>
        <line num="12" count="2" type="stmt"/>
        <line num="16" count="12" type="stmt"/>
        <line num="24" count="3" type="stmt"/>
      </file>
      <file name="MessageList.tsx" path="/Users/linzijun1/Documents/Projects/test/tdd-app/src/components/MessageList.tsx">
        <metrics statements="4" coveredstatements="4" conditionals="0" coveredconditionals="0" methods="2" coveredmethods="2"/>
        <line num="4" count="2" type="stmt"/>
        <line num="5" count="7" type="stmt"/>
        <line num="7" count="7" type="stmt"/>
        <line num="12" count="3" type="stmt"/>
      </file>
    </package>
  </project>
</coverage>
