{"/Users/linzijun1/Documents/Projects/test/tdd-app/src/index.tsx": {"path":"/Users/linzijun1/Documents/Projects/test/tdd-app/src/index.tsx","statementMap":{"0":{"start":{"line":5,"column":0},"end":{"line":10,"column":2}}},"fnMap":{},"branchMap":{},"s":{"0":0},"f":{},"b":{}}
,"/Users/linzijun1/Documents/Projects/test/tdd-app/src/components/Message.tsx": {"path":"/Users/linzijun1/Documents/Projects/test/tdd-app/src/components/Message.tsx","statementMap":{"0":{"start":{"line":3,"column":16},"end":{"line":12,"column":1}},"1":{"start":{"line":4,"column":22},"end":{"line":4,"column":27}},"2":{"start":{"line":5,"column":22},"end":{"line":5,"column":29}},"3":{"start":{"line":7,"column":2},"end":{"line":11,"column":4}}},"fnMap":{"0":{"name":"(anonymous_0)","decl":{"start":{"line":3,"column":16},"end":{"line":3,"column":17}},"loc":{"start":{"line":3,"column":25},"end":{"line":12,"column":1}},"line":3}},"branchMap":{},"s":{"0":3,"1":4,"2":4,"3":4},"f":{"0":4},"b":{},"_coverageSchema":"1a1c01bbd47fc00a2c39e90264f33305004495a9","hash":"3775caa2fc8ea223e236bc549e3ea1ab6a23addf"}
,"/Users/linzijun1/Documents/Projects/test/tdd-app/src/components/MessageApp.tsx": {"path":"/Users/linzijun1/Documents/Projects/test/tdd-app/src/components/MessageApp.tsx","statementMap":{"0":{"start":{"line":6,"column":10},"end":{"line":8,"column":3}},"1":{"start":{"line":10,"column":15},"end":{"line":22,"column":3}},"2":{"start":{"line":11,"column":23},"end":{"line":14,"column":5}},"3":{"start":{"line":16,"column":4},"end":{"line":21,"column":7}},"4":{"start":{"line":25,"column":25},"end":{"line":25,"column":35}},"5":{"start":{"line":27,"column":4},"end":{"line":41,"column":6}}},"fnMap":{"0":{"name":"(anonymous_0)","decl":{"start":{"line":10,"column":15},"end":{"line":10,"column":16}},"loc":{"start":{"line":10,"column":26},"end":{"line":22,"column":3}},"line":10},"1":{"name":"(anonymous_1)","decl":{"start":{"line":24,"column":2},"end":{"line":24,"column":3}},"loc":{"start":{"line":24,"column":11},"end":{"line":42,"column":3}},"line":24}},"branchMap":{},"s":{"0":5,"1":5,"2":1,"3":1,"4":6,"5":6},"f":{"0":1,"1":6},"b":{},"_coverageSchema":"1a1c01bbd47fc00a2c39e90264f33305004495a9","hash":"f2a66dd016b544f84531463efe245a7616800009"}
,"/Users/linzijun1/Documents/Projects/test/tdd-app/src/components/MessageForm.tsx": {"path":"/Users/linzijun1/Documents/Projects/test/tdd-app/src/components/MessageForm.tsx","statementMap":{"0":{"start":{"line":3,"column":20},"end":{"line":36,"column":1}},"1":{"start":{"line":4,"column":25},"end":{"line":4,"column":30}},"2":{"start":{"line":5,"column":32},"end":{"line":5,"column":44}},"3":{"start":{"line":7,"column":23},"end":{"line":14,"column":3}},"4":{"start":{"line":8,"column":4},"end":{"line":8,"column":27}},"5":{"start":{"line":10,"column":4},"end":{"line":13,"column":5}},"6":{"start":{"line":11,"column":6},"end":{"line":11,"column":26}},"7":{"start":{"line":12,"column":6},"end":{"line":12,"column":21}},"8":{"start":{"line":16,"column":2},"end":{"line":35,"column":4}},"9":{"start":{"line":24,"column":29},"end":{"line":24,"column":59}}},"fnMap":{"0":{"name":"(anonymous_0)","decl":{"start":{"line":3,"column":20},"end":{"line":3,"column":21}},"loc":{"start":{"line":3,"column":29},"end":{"line":36,"column":1}},"line":3},"1":{"name":"(anonymous_1)","decl":{"start":{"line":7,"column":23},"end":{"line":7,"column":24}},"loc":{"start":{"line":7,"column":32},"end":{"line":14,"column":3}},"line":7},"2":{"name":"(anonymous_2)","decl":{"start":{"line":24,"column":20},"end":{"line":24,"column":21}},"loc":{"start":{"line":24,"column":29},"end":{"line":24,"column":59}},"line":24}},"branchMap":{"0":{"loc":{"start":{"line":10,"column":4},"end":{"line":13,"column":5}},"type":"if","locations":[{"start":{"line":10,"column":4},"end":{"line":13,"column":5}},{"start":{},"end":{}}],"line":10}},"s":{"0":2,"1":12,"2":12,"3":12,"4":3,"5":3,"6":2,"7":2,"8":12,"9":3},"f":{"0":12,"1":3,"2":3},"b":{"0":[2,1]},"_coverageSchema":"1a1c01bbd47fc00a2c39e90264f33305004495a9","hash":"3bfc7b520e6502bb7be9497fa02364069fd73279"}
,"/Users/linzijun1/Documents/Projects/test/tdd-app/src/components/MessageList.tsx": {"path":"/Users/linzijun1/Documents/Projects/test/tdd-app/src/components/MessageList.tsx","statementMap":{"0":{"start":{"line":4,"column":20},"end":{"line":19,"column":1}},"1":{"start":{"line":5,"column":23},"end":{"line":5,"column":28}},"2":{"start":{"line":7,"column":2},"end":{"line":18,"column":4}},"3":{"start":{"line":12,"column":10},"end":{"line":14,"column":12}}},"fnMap":{"0":{"name":"(anonymous_0)","decl":{"start":{"line":4,"column":20},"end":{"line":4,"column":21}},"loc":{"start":{"line":4,"column":29},"end":{"line":19,"column":1}},"line":4},"1":{"name":"(anonymous_1)","decl":{"start":{"line":10,"column":21},"end":{"line":10,"column":22}},"loc":{"start":{"line":10,"column":41},"end":{"line":15,"column":9}},"line":10}},"branchMap":{},"s":{"0":2,"1":7,"2":7,"3":3},"f":{"0":7,"1":3},"b":{},"_coverageSchema":"1a1c01bbd47fc00a2c39e90264f33305004495a9","hash":"d81495584198365513e38acc9690e27fd659e4f6"}
}
