TN:
SF:src/index.tsx
FNF:0
FNH:0
DA:5,0
LF:1
LH:0
BRF:0
BRH:0
end_of_record
TN:
SF:src/components/Message.tsx
FN:3,(anonymous_0)
FNF:1
FNH:1
FNDA:4,(anonymous_0)
DA:3,3
DA:4,4
DA:5,4
DA:7,4
LF:4
LH:4
BRF:0
BRH:0
end_of_record
TN:
SF:src/components/MessageApp.tsx
FN:10,(anonymous_0)
FN:24,(anonymous_1)
FNF:2
FNH:2
FNDA:1,(anonymous_0)
FNDA:6,(anonymous_1)
DA:6,5
DA:10,5
DA:11,1
DA:16,1
DA:25,6
DA:27,6
LF:6
LH:6
BRF:0
BRH:0
end_of_record
TN:
SF:src/components/MessageForm.tsx
FN:3,(anonymous_0)
FN:7,(anonymous_1)
FN:24,(anonymous_2)
FNF:3
FNH:3
FNDA:12,(anonymous_0)
FNDA:3,(anonymous_1)
FNDA:3,(anonymous_2)
DA:3,2
DA:4,12
DA:5,12
DA:7,12
DA:8,3
DA:10,3
DA:11,2
DA:12,2
DA:16,12
DA:24,3
LF:10
LH:10
BRDA:10,0,0,2
BRDA:10,0,1,1
BRF:2
BRH:2
end_of_record
TN:
SF:src/components/MessageList.tsx
FN:4,(anonymous_0)
FN:10,(anonymous_1)
FNF:2
FNH:2
FNDA:7,(anonymous_0)
FNDA:3,(anonymous_1)
DA:4,2
DA:5,7
DA:7,7
DA:12,3
LF:4
LH:4
BRF:0
BRH:0
end_of_record
