TN:
SF:src/api.ts
FN:1,(anonymous_0)
FN:2,(anonymous_1)
FN:7,(anonymous_2)
FN:8,(anonymous_3)
FN:9,(anonymous_4)
FNF:5
FNH:5
FNDA:1,(anonymous_0)
FNDA:1,(anonymous_1)
FNDA:1,(anonymous_2)
FNDA:1,(anonymous_3)
FNDA:1,(anonymous_4)
DA:1,1
DA:2,1
DA:3,1
DA:7,1
DA:8,1
DA:9,1
DA:10,1
LF:7
LH:7
BRF:0
BRH:0
end_of_record
TN:
SF:src/domUtils.ts
FN:1,remove
FN:5,addEventListener
FNF:2
FNH:2
FNDA:1,remove
FNDA:1,addEventListener
DA:2,1
DA:6,1
LF:2
LH:2
BRF:0
BRH:0
end_of_record
TN:
SF:src/math.ts
FN:1,add
FN:5,minus
FN:9,multiply
FN:13,divide
FNF:4
FNH:4
FNDA:2,add
FNDA:2,minus
FNDA:2,multiply
FNDA:2,divide
DA:2,2
DA:6,2
DA:10,2
DA:14,2
LF:4
LH:4
BRF:0
BRH:0
end_of_record
TN:
SF:src/mock.ts
FN:3,exec
FN:11,getUsers
FN:15,delay
FN:16,(anonymous_3)
FNF:4
FNH:4
FNDA:2,exec
FNDA:1,getUsers
FNDA:1,delay
FNDA:1,(anonymous_3)
DA:4,2
DA:6,2
DA:7,1
DA:12,1
DA:16,1
DA:17,1
LF:6
LH:6
BRDA:6,0,0,1
BRDA:6,0,1,1
BRF:2
BRH:2
end_of_record
